c:\users\home\desktop\projects\html-browser\html-browser\debug\vc140.pdb
c:\users\home\desktop\projects\html-browser\html-browser\debug\vc140.idb
c:\users\home\desktop\projects\html-browser\html-browser\debug\basetag.obj
c:\users\home\desktop\projects\html-browser\html-browser\debug\bodytag.obj
c:\users\home\desktop\projects\html-browser\html-browser\debug\boldtag.obj
c:\users\home\desktop\projects\html-browser\html-browser\debug\breaktag.obj
c:\users\home\desktop\projects\html-browser\html-browser\debug\generictag.obj
c:\users\home\desktop\projects\html-browser\html-browser\debug\h1tag.obj
c:\users\home\desktop\projects\html-browser\html-browser\debug\h2tag.obj
c:\users\home\desktop\projects\html-browser\html-browser\debug\h3tag.obj
c:\users\home\desktop\projects\html-browser\html-browser\debug\h4tag.obj
c:\users\home\desktop\projects\html-browser\html-browser\debug\h5tag.obj
c:\users\home\desktop\projects\html-browser\html-browser\debug\h6tag.obj
c:\users\home\desktop\projects\html-browser\html-browser\debug\italictag.obj
c:\users\home\desktop\projects\html-browser\html-browser\debug\paragraphtag.obj
c:\users\home\desktop\projects\html-browser\html-browser\debug\parser.obj
c:\users\home\desktop\projects\html-browser\html-browser\debug\rawtext.obj
c:\users\home\desktop\projects\html-browser\html-browser\debug\renderer.obj
c:\users\home\desktop\projects\html-browser\html-browser\debug\root.obj
c:\users\home\desktop\projects\html-browser\html-browser\debug\source.obj
c:\users\home\desktop\projects\html-browser\debug\html-browser.pdb
c:\users\home\desktop\projects\html-browser\html-browser\debug\html-browser.tlog\cl.command.1.tlog
c:\users\home\desktop\projects\html-browser\html-browser\debug\html-browser.tlog\cl.read.1.tlog
c:\users\home\desktop\projects\html-browser\html-browser\debug\html-browser.tlog\cl.write.1.tlog
c:\users\home\desktop\projects\html-browser\html-browser\debug\html-browser.tlog\link-cvtres.read.1.tlog
c:\users\home\desktop\projects\html-browser\html-browser\debug\html-browser.tlog\link-cvtres.write.1.tlog
c:\users\home\desktop\projects\html-browser\html-browser\debug\html-browser.tlog\link-rc.read.1.tlog
c:\users\home\desktop\projects\html-browser\html-browser\debug\html-browser.tlog\link-rc.write.1.tlog
c:\users\home\desktop\projects\html-browser\html-browser\debug\html-browser.tlog\link.command.1.tlog
c:\users\home\desktop\projects\html-browser\html-browser\debug\html-browser.tlog\link.read.1.tlog
c:\users\home\desktop\projects\html-browser\html-browser\debug\html-browser.tlog\link.write.1.tlog
