c:\users\daiel\onedrive\browser project\browser project\debug\vc140.pdb
c:\users\daiel\onedrive\browser project\browser project\debug\vc140.idb
c:\users\daiel\onedrive\browser project\browser project\debug\parser.obj
c:\users\daiel\onedrive\browser project\browser project\debug\renderer.obj
c:\users\daiel\onedrive\browser project\browser project\debug\source.obj
c:\users\daiel\onedrive\browser project\browser project\debug\basetag.obj
c:\users\daiel\onedrive\browser project\browser project\debug\bodytag.obj
c:\users\daiel\onedrive\browser project\browser project\debug\boldtag.obj
c:\users\daiel\onedrive\browser project\browser project\debug\breaktag.obj
c:\users\daiel\onedrive\browser project\browser project\debug\generictag.obj
c:\users\daiel\onedrive\browser project\browser project\debug\h1tag.obj
c:\users\daiel\onedrive\browser project\browser project\debug\h2tag.obj
c:\users\daiel\onedrive\browser project\browser project\debug\h3tag.obj
c:\users\daiel\onedrive\browser project\browser project\debug\h4tag.obj
c:\users\daiel\onedrive\browser project\browser project\debug\h5tag.obj
c:\users\daiel\onedrive\browser project\browser project\debug\h6tag.obj
c:\users\daiel\onedrive\browser project\browser project\debug\italictag.obj
c:\users\daiel\onedrive\browser project\browser project\debug\paragraphtag.obj
c:\users\daiel\onedrive\browser project\browser project\debug\rawtext.obj
c:\users\daiel\onedrive\browser project\browser project\debug\root.obj
c:\users\daiel\onedrive\browser project\browser project\debug\divtag.obj
c:\users\daiel\onedrive\browser project\browser project\debug\atag.obj
c:\users\daiel\onedrive\browser project\debug\browser project.ilk
c:\users\daiel\onedrive\browser project\debug\browser project.exe
c:\users\daiel\onedrive\browser project\debug\browser project.pdb
c:\users\daiel\onedrive\browser project\browser project\debug\basetag.obj.enc
c:\users\daiel\onedrive\browser project\browser project\debug\parser.obj.enc
c:\users\daiel\onedrive\browser project\browser project\debug\browser project.tlog\cl.command.1.tlog
c:\users\daiel\onedrive\browser project\browser project\debug\browser project.tlog\cl.read.1.tlog
c:\users\daiel\onedrive\browser project\browser project\debug\browser project.tlog\cl.write.1.tlog
c:\users\daiel\onedrive\browser project\browser project\debug\browser project.tlog\link.command.1.tlog
c:\users\daiel\onedrive\browser project\browser project\debug\browser project.tlog\link.read.1.tlog
c:\users\daiel\onedrive\browser project\browser project\debug\browser project.tlog\link.write.1.tlog
