  Root.cpp
c:\users\daiel\onedrive\browser project\browser project\tag system\basetag.h(4): fatal error C1083: Cannot open include file: 'SFML/Graphics.hpp': No such file or directory
  RawText.cpp
c:\users\daiel\onedrive\browser project\browser project\tag system\basetag.h(4): fatal error C1083: Cannot open include file: 'SFML/Graphics.hpp': No such file or directory
  ParagraphTag.cpp
c:\users\daiel\onedrive\browser project\browser project\tag system\basetag.h(4): fatal error C1083: Cannot open include file: 'SFML/Graphics.hpp': No such file or directory
  ItalicTag.cpp
c:\users\daiel\onedrive\browser project\browser project\tag system\basetag.h(4): fatal error C1083: Cannot open include file: 'SFML/Graphics.hpp': No such file or directory
  H6Tag.cpp
c:\users\daiel\onedrive\browser project\browser project\tag system\basetag.h(4): fatal error C1083: Cannot open include file: 'SFML/Graphics.hpp': No such file or directory
  H5Tag.cpp
c:\users\daiel\onedrive\browser project\browser project\tag system\basetag.h(4): fatal error C1083: Cannot open include file: 'SFML/Graphics.hpp': No such file or directory
  H4Tag.cpp
c:\users\daiel\onedrive\browser project\browser project\tag system\basetag.h(4): fatal error C1083: Cannot open include file: 'SFML/Graphics.hpp': No such file or directory
  H3Tag.cpp
c:\users\daiel\onedrive\browser project\browser project\tag system\basetag.h(4): fatal error C1083: Cannot open include file: 'SFML/Graphics.hpp': No such file or directory
  H2Tag.cpp
c:\users\daiel\onedrive\browser project\browser project\tag system\basetag.h(4): fatal error C1083: Cannot open include file: 'SFML/Graphics.hpp': No such file or directory
  H1Tag.cpp
c:\users\daiel\onedrive\browser project\browser project\tag system\basetag.h(4): fatal error C1083: Cannot open include file: 'SFML/Graphics.hpp': No such file or directory
  GenericTag.cpp
c:\users\daiel\onedrive\browser project\browser project\tag system\basetag.h(4): fatal error C1083: Cannot open include file: 'SFML/Graphics.hpp': No such file or directory
  DivTag.cpp
c:\users\daiel\onedrive\browser project\browser project\tag system\basetag.h(4): fatal error C1083: Cannot open include file: 'SFML/Graphics.hpp': No such file or directory
  BreakTag.cpp
c:\users\daiel\onedrive\browser project\browser project\tag system\basetag.h(4): fatal error C1083: Cannot open include file: 'SFML/Graphics.hpp': No such file or directory
  BoldTag.cpp
c:\users\daiel\onedrive\browser project\browser project\tag system\basetag.h(4): fatal error C1083: Cannot open include file: 'SFML/Graphics.hpp': No such file or directory
  BodyTag.cpp
c:\users\daiel\onedrive\browser project\browser project\tag system\basetag.h(4): fatal error C1083: Cannot open include file: 'SFML/Graphics.hpp': No such file or directory
  BaseTag.cpp
c:\users\daiel\onedrive\browser project\browser project\tag system\basetag.h(4): fatal error C1083: Cannot open include file: 'SFML/Graphics.hpp': No such file or directory
  ATag.cpp
c:\users\daiel\onedrive\browser project\browser project\tag system\basetag.h(4): fatal error C1083: Cannot open include file: 'SFML/Graphics.hpp': No such file or directory
  Source.cpp
c:\users\daiel\onedrive\browser project\browser project\source.cpp(1): fatal error C1083: Cannot open include file: 'TagSystem.h': No such file or directory
  Renderer.cpp
c:\users\daiel\onedrive\browser project\browser project\render system\renderer.h(2): fatal error C1083: Cannot open include file: 'TagSystem.h': No such file or directory
  Parser.cpp
c:\users\daiel\onedrive\browser project\browser project\parsing system\parser.h(1): fatal error C1083: Cannot open include file: 'TagSystem.h': No such file or directory
  Generating Code...
