Build started 4/16/2017 14:49:05.
     1>Project "D:\html-browser\html-browser\html-browser.vcxproj" on node 2 (Build target(s)).
     1>ClCompile:
         C:\Program Files (x86)\Microsoft Visual Studio 14.0\VC\bin\CL.exe /c /I"C:\SFML-2.4.2\include" /Zi /nologo /W3 /WX- /O2 /Oi /Oy- /GL /D WIN32 /D NDEBUG /D _WINDOWS /D _UNICODE /D UNICODE /Gm- /EHsc /MD /GS /Gy /fp:precise /Zc:wchar_t /Zc:forScope /Zc:inline /Fo"Release\\" /Fd"Release\vc140.pdb" /Gd /TP /analyze- /errorReport:prompt Source.cpp
         Source.cpp
       Link:
         C:\Program Files (x86)\Microsoft Visual Studio 14.0\VC\bin\link.exe /ERRORREPORT:PROMPT /OUT:"D:\html-browser\Release\html-browser.exe" /INCREMENTAL:NO /NOLOGO /LIBPATH:"C:\SFML-2.4.2\lib" "sfml-main.lib" "sfml-system.lib" "sfml-window.lib" "sfml-graphics.lib" kernel32.lib user32.lib gdi32.lib winspool.lib comdlg32.lib advapi32.lib shell32.lib ole32.lib oleaut32.lib uuid.lib odbc32.lib odbccp32.lib kernel32.lib user32.lib gdi32.lib winspool.lib comdlg32.lib advapi32.lib shell32.lib ole32.lib oleaut32.lib uuid.lib odbc32.lib odbccp32.lib /MANIFEST /MANIFESTUAC:"level='asInvoker' uiAccess='false'" /manifest:embed /Debug /PDB:"D:\html-browser\Release\html-browser.pdb" /SUBSYSTEM:WINDOWS /OPT:REF /OPT:ICF /LTCG:incremental /TLBID:1 /DYNAMICBASE /NXCOMPAT /IMPLIB:"D:\html-browser\Release\html-browser.lib" /MACHINE:X86 /SAFESEH Release\BaseTag.obj
         Release\BodyTag.obj
         Release\BoldTag.obj
         Release\BreakTag.obj
         Release\GenericTag.obj
         Release\H1Tag.obj
         Release\H2Tag.obj
         Release\H3Tag.obj
         Release\H4Tag.obj
         Release\H5Tag.obj
         Release\H6Tag.obj
         Release\ItalicTag.obj
         Release\ParagraphTag.obj
         Release\Parser.obj
         Release\RawText.obj
         Release\Renderer.obj
         Release\Root.obj
         Release\Source.obj
            Creating library D:\html-browser\Release\html-browser.lib and object D:\html-browser\Release\html-browser.exp
         Generating code
         1 of 695 functions ( 0.1%) were compiled, the rest were copied from previous compilation.
           0 functions were new in current compilation
           2 functions had inline decision re-evaluated but remain unchanged
         Finished generating code
         html-browser.vcxproj -> D:\html-browser\Release\html-browser.exe
     1>Done Building Project "D:\html-browser\html-browser\html-browser.vcxproj" (Build target(s)).

Build succeeded.

Time Elapsed 00:00:12.37
